<?xml version="1.0" encoding="UTF-8"?>
<!-- Generated by org.testng.reporters.JUnitXMLReporter -->
<testsuite ignored="0" hostname="DESKTOP-NCS5F9K" failures="0" tests="13" name="Default test" time="138.575" errors="0" timestamp="16 May 2022 10:51:14 GMT">
  <testcase classname="com.wellsfargo.pronunciation.test.TestPronounciationAsUser" name="testLoginAsUser" time="9.207"/>
  <testcase classname="com.wellsfargo.pronunciation.test.TestPronounciationAsUser" name="testUserLandingPage" time="8.365"/>
  <testcase classname="com.wellsfargo.pronunciation.test.TestPronounciationAsUser" name="testUserPage" time="10.944"/>
  <testcase classname="com.wellsfargo.pronunciation.test.TestPronounciationAsUser" name="testUserPreferences" time="10.782"/>
  <testcase classname="com.wellsfargo.pronunciation.test.TestPronounciationAsUser" name="testUserPreferencesButton" time="13.015"/>
  <testcase classname="com.wellsfargo.pronunciation.test.TestPronounciationAsUser" name="testUserPreferencesRecord" time="10.995"/>
  <testcase classname="com.wellsfargo.pronunciation.test.TestPronounciationAsUser" name="testUserPreferencesUpload" time="11.024"/>
  <testcase classname="com.wellsfargo.pronunciation.test.TestPronounciationAsAdmin" name="testAdminLandingPage" time="9.871"/>
  <testcase classname="com.wellsfargo.pronunciation.test.TestPronounciationAsAdmin" name="testAdminPage" time="11.916"/>
  <testcase classname="com.wellsfargo.pronunciation.test.TestPronounciationAsAdmin" name="testAdminPreferences" time="12.253"/>
  <testcase classname="com.wellsfargo.pronunciation.test.TestPronounciationAsAdmin" name="testAdminRecord" time="10.812"/>
  <testcase classname="com.wellsfargo.pronunciation.test.TestPronounciationAsAdmin" name="testAdminUpload" time="10.854"/>
  <testcase classname="com.wellsfargo.pronunciation.test.TestPronounciationAsAdmin" name="testLoginAsAdmin" time="8.436"/>
</testsuite> <!-- Default test -->
